Determining if the pthread_create exist failed with the following output:
Change Dir: /opt/Geant4/share/Geant4-10.7.2/geant4make/sim/tutorial_7/build/CMakeFiles/CMakeTmp

Run Build Command:"/usr/bin/make" "cmTC_de9b5/fast"
/usr/bin/make -f CMakeFiles/cmTC_de9b5.dir/build.make CMakeFiles/cmTC_de9b5.dir/build
make[1]: Entering directory '/opt/Geant4/share/Geant4-10.7.2/geant4make/sim/tutorial_7/build/CMakeFiles/CMakeTmp'
Building C object CMakeFiles/cmTC_de9b5.dir/CheckSymbolExists.c.o
/usr/bin/cc    -o CMakeFiles/cmTC_de9b5.dir/CheckSymbolExists.c.o   -c /opt/Geant4/share/Geant4-10.7.2/geant4make/sim/tutorial_7/build/CMakeFiles/CMakeTmp/CheckSymbolExists.c
Linking C executable cmTC_de9b5
/usr/bin/cmake -E cmake_link_script CMakeFiles/cmTC_de9b5.dir/link.txt --verbose=1
/usr/bin/cc      CMakeFiles/cmTC_de9b5.dir/CheckSymbolExists.c.o  -o cmTC_de9b5 
CMakeFiles/cmTC_de9b5.dir/CheckSymbolExists.c.o: In function `main':
CheckSymbolExists.c:(.text+0x1b): undefined reference to `pthread_create'
collect2: error: ld returned 1 exit status
CMakeFiles/cmTC_de9b5.dir/build.make:97: recipe for target 'cmTC_de9b5' failed
make[1]: *** [cmTC_de9b5] Error 1
make[1]: Leaving directory '/opt/Geant4/share/Geant4-10.7.2/geant4make/sim/tutorial_7/build/CMakeFiles/CMakeTmp'
Makefile:126: recipe for target 'cmTC_de9b5/fast' failed
make: *** [cmTC_de9b5/fast] Error 2

File /opt/Geant4/share/Geant4-10.7.2/geant4make/sim/tutorial_7/build/CMakeFiles/CMakeTmp/CheckSymbolExists.c:
/* */
#include <pthread.h>

int main(int argc, char** argv)
{
  (void)argv;
#ifndef pthread_create
  return ((int*)(&pthread_create))[argc];
#else
  (void)argc;
  return 0;
#endif
}

