Determining if the pthread_create exist failed with the following output:
Change Dir: /opt/Geant4/share/Geant4-10.7.2/geant4make/sim/tutorial_5/build/CMakeFiles/CMakeTmp

Run Build Command:"/usr/bin/make" "cmTC_9d88a/fast"
/usr/bin/make -f CMakeFiles/cmTC_9d88a.dir/build.make CMakeFiles/cmTC_9d88a.dir/build
make[1]: Entering directory '/opt/Geant4/share/Geant4-10.7.2/geant4make/sim/tutorial_5/build/CMakeFiles/CMakeTmp'
Building C object CMakeFiles/cmTC_9d88a.dir/CheckSymbolExists.c.o
/usr/bin/cc    -o CMakeFiles/cmTC_9d88a.dir/CheckSymbolExists.c.o   -c /opt/Geant4/share/Geant4-10.7.2/geant4make/sim/tutorial_5/build/CMakeFiles/CMakeTmp/CheckSymbolExists.c
Linking C executable cmTC_9d88a
/usr/bin/cmake -E cmake_link_script CMakeFiles/cmTC_9d88a.dir/link.txt --verbose=1
/usr/bin/cc      CMakeFiles/cmTC_9d88a.dir/CheckSymbolExists.c.o  -o cmTC_9d88a 
CMakeFiles/cmTC_9d88a.dir/CheckSymbolExists.c.o: In function `main':
CheckSymbolExists.c:(.text+0x1b): undefined reference to `pthread_create'
collect2: error: ld returned 1 exit status
CMakeFiles/cmTC_9d88a.dir/build.make:97: recipe for target 'cmTC_9d88a' failed
make[1]: *** [cmTC_9d88a] Error 1
make[1]: Leaving directory '/opt/Geant4/share/Geant4-10.7.2/geant4make/sim/tutorial_5/build/CMakeFiles/CMakeTmp'
Makefile:126: recipe for target 'cmTC_9d88a/fast' failed
make: *** [cmTC_9d88a/fast] Error 2

File /opt/Geant4/share/Geant4-10.7.2/geant4make/sim/tutorial_5/build/CMakeFiles/CMakeTmp/CheckSymbolExists.c:
/* */
#include <pthread.h>

int main(int argc, char** argv)
{
  (void)argv;
#ifndef pthread_create
  return ((int*)(&pthread_create))[argc];
#else
  (void)argc;
  return 0;
#endif
}

